<?xml version="1.0" encoding="UTF-8"?>
<!-- Generated by org.testng.reporters.JUnitReportReporter -->
<testsuite skipped="0" hostname="DESKTOP-LDJHEHK" name="testCases.FlightSearchTestCase" tests="1" failures="0" timestamp="30 Apr 2020 06:52:23 GMT" time="80.496" errors="0">
  <testcase name="findingFlights" time="80.496" classname="testCases.FlightSearchTestCase"/>
</testsuite> <!-- testCases.FlightSearchTestCase -->
